<?xml version="1.0" encoding="UTF-8"?>
<testng-results skipped="0" failed="0" total="1" passed="1">
  <reporter-output>
  </reporter-output>
  <suite name="Default suite" duration-ms="36722" started-at="2020-04-08T16:47:06Z" finished-at="2020-04-08T16:47:43Z">
    <groups>
      <group name="cucumber">
        <method signature="AbstractTestNGCucumberTests.feature(cucumber.api.testng.CucumberFeatureWrapper)[pri:0, instance:com.statravel.runners.TestRunner@646d64ab]" name="feature" class="cucumber.api.testng.AbstractTestNGCucumberTests"/>
      </group> <!-- cucumber -->
    </groups>
    <test name="Default test" duration-ms="36722" started-at="2020-04-08T16:47:06Z" finished-at="2020-04-08T16:47:43Z">
      <class name="com.statravel.runners.TestRunner">
        <test-method status="PASS" signature="setup()[pri:0, instance:com.statravel.runners.TestRunner@646d64ab]" name="setup" is-config="true" duration-ms="18" started-at="2020-04-08T17:47:06Z" finished-at="2020-04-08T17:47:06Z">
          <reporter-output>
          </reporter-output>
        </test-method> <!-- setup -->
        <test-method status="PASS" signature="setUpClass()[pri:0, instance:com.statravel.runners.TestRunner@646d64ab]" name="setUpClass" is-config="true" duration-ms="384" started-at="2020-04-08T17:47:06Z" finished-at="2020-04-08T17:47:07Z">
          <reporter-output>
          </reporter-output>
        </test-method> <!-- setUpClass -->
        <test-method status="PASS" signature="feature(cucumber.api.testng.CucumberFeatureWrapper)[pri:0, instance:com.statravel.runners.TestRunner@646d64ab]" name="feature" duration-ms="35857" started-at="2020-04-08T17:47:07Z" description="Runs Cucumber Feature" data-provider="features" finished-at="2020-04-08T17:47:42Z">
          <params>
            <param index="0">
              <value>
                <![CDATA[User Verifies the Sort Order Functionality]]>
              </value>
            </param>
          </params>
          <reporter-output>
          </reporter-output>
        </test-method> <!-- feature -->
        <test-method status="PASS" signature="tearDownClass()[pri:0, instance:com.statravel.runners.TestRunner@646d64ab]" name="tearDownClass" is-config="true" duration-ms="386" started-at="2020-04-08T17:47:42Z" finished-at="2020-04-08T17:47:43Z">
          <reporter-output>
          </reporter-output>
        </test-method> <!-- tearDownClass -->
        <test-method status="PASS" signature="setupp()[pri:0, instance:com.statravel.runners.TestRunner@646d64ab]" name="setupp" is-config="true" duration-ms="212" started-at="2020-04-08T17:47:43Z" finished-at="2020-04-08T17:47:43Z">
          <reporter-output>
          </reporter-output>
        </test-method> <!-- setupp -->
      </class> <!-- com.statravel.runners.TestRunner -->
    </test> <!-- Default test -->
  </suite> <!-- Default suite -->
</testng-results>
